 B:   0.0000000000000000     
 1   0.0000000000000000      GB
 2   6.8677067756652832E-003 GB
 Iterations:          100
 Iterations:          200
 Iterations:          300
 Iterations:          400
 Iterations:          500
 Iterations:          600
 Iterations:          700
 Iterations:          800
 Iterations:          900
 Iterations:         1000
 Iterations:         1100
 Iterations:         1200
 Iterations:         1300
 Iterations:         1400
 Iterations:         1500
 Iterations:         1600
 Iterations:         1700
 Iterations:         1800
 Iterations:         1900
 Iterations:         2000
 Iterations:         2100
 Iterations:         2200
 3   1.1491537094116211E-002 GB
 Calculating DOS...
           4 4   1.1537194252014160E-002 GB
           3 4   1.1552691459655762E-002 GB
           5 4   1.1293113231658936E-002 GB
           2 4   2.2539138793945312E-002 GB
           0 4   1.2620925903320312E-002 GB
           1 4   3.3937215805053711E-002 GB
 Start time:           19 :           6 :          14
 End time:           19 :           7 :          58
 
 ------------------------------------------------
 Memory calculations:
 Total:   2.9546678066253662E-002 GB
 Per process:   4.9244463443756104E-003 GB
 ------------------------------------------------
 
 Memory usage:
 Total:   0.103480279      GB
 Per process:    3.39372158E-02  GB
 
 Percentage used (total):    350.22644242310542      %
 Percentage used (per process):    689.15799730084666      %
